  [1m[35m (0.1ms)[0m  [1m[34mSELECT sqlite_version(*)[0m
  ↳ bin/rails:9
  [1m[35m (14.9ms)[0m  [1m[35mCREATE TABLE "schema_migrations" ("version" varchar NOT NULL PRIMARY KEY)[0m
  ↳ bin/rails:9
  [1m[35m (7.8ms)[0m  [1m[35mCREATE TABLE "ar_internal_metadata" ("key" varchar NOT NULL PRIMARY KEY, "value" varchar, "created_at" datetime NOT NULL, "updated_at" datetime NOT NULL)[0m
  ↳ bin/rails:9
  [1m[35m (0.2ms)[0m  [1m[34mSELECT "schema_migrations"."version" FROM "schema_migrations" ORDER BY "schema_migrations"."version" ASC[0m
  ↳ bin/rails:9
Migrating to CreateUsers (20191022034653)
  [1m[35m (0.1ms)[0m  [1m[36mbegin transaction[0m
  ↳ bin/rails:9
  [1m[35m (0.4ms)[0m  [1m[35mCREATE TABLE "users" ("id" integer PRIMARY KEY AUTOINCREMENT NOT NULL, "username" varchar, "password_digest" varchar, "created_at" datetime NOT NULL, "updated_at" datetime NOT NULL)[0m
  ↳ db/migrate/20191022034653_create_users.rb:3
  [1m[36mActiveRecord::SchemaMigration Create (0.2ms)[0m  [1m[32mINSERT INTO "schema_migrations" ("version") VALUES (?)[0m  [["version", "20191022034653"]]
  ↳ bin/rails:9
  [1m[35m (5.7ms)[0m  [1m[36mcommit transaction[0m
  ↳ bin/rails:9
  [1m[36mActiveRecord::InternalMetadata Load (0.2ms)[0m  [1m[34mSELECT  "ar_internal_metadata".* FROM "ar_internal_metadata" WHERE "ar_internal_metadata"."key" = ? LIMIT ?[0m  [["key", "environment"], ["LIMIT", 1]]
  ↳ bin/rails:9
  [1m[35m (0.0ms)[0m  [1m[36mbegin transaction[0m
  ↳ bin/rails:9
  [1m[36mActiveRecord::InternalMetadata Create (0.2ms)[0m  [1m[32mINSERT INTO "ar_internal_metadata" ("key", "value", "created_at", "updated_at") VALUES (?, ?, ?, ?)[0m  [["key", "environment"], ["value", "development"], ["created_at", "2019-10-22 03:52:41.558616"], ["updated_at", "2019-10-22 03:52:41.558616"]]
  ↳ bin/rails:9
  [1m[35m (4.0ms)[0m  [1m[36mcommit transaction[0m
  ↳ bin/rails:9
  [1m[35m (0.1ms)[0m  [1m[34mSELECT "schema_migrations"."version" FROM "schema_migrations" ORDER BY "schema_migrations"."version" ASC[0m
  ↳ bin/rails:9
  [1m[35m (0.1ms)[0m  [1m[36mbegin transaction[0m
  [1m[36mUser Exists (0.2ms)[0m  [1m[34mSELECT  1 AS one FROM "users" WHERE "users"."username" = ? LIMIT ?[0m  [["username", "levithescienceguy"], ["LIMIT", 1]]
  [1m[36mUser Create (0.2ms)[0m  [1m[32mINSERT INTO "users" ("username", "password_digest", "created_at", "updated_at") VALUES (?, ?, ?, ?)[0m  [["username", "levithescienceguy"], ["password_digest", "$2a$12$0URjzFdagAyb2PloBtGDEuRArt7vePB7bM4v1qClQOJmtVZa.EdvG"], ["created_at", "2019-10-22 03:53:32.120748"], ["updated_at", "2019-10-22 03:53:32.120748"]]
  [1m[35m (6.8ms)[0m  [1m[36mcommit transaction[0m
  [1m[35m (0.1ms)[0m  [1m[36mbegin transaction[0m
  [1m[36mUser Exists (0.2ms)[0m  [1m[34mSELECT  1 AS one FROM "users" WHERE "users"."username" = ? LIMIT ?[0m  [["username", "billnyethescienceguy"], ["LIMIT", 1]]
  [1m[35m (0.0ms)[0m  [1m[31mrollback transaction[0m
Started GET "/" for 127.0.0.1 at 2019-10-21 20:59:47 -0700
  [1m[35m (0.1ms)[0m  [1m[34mSELECT "schema_migrations"."version" FROM "schema_migrations" ORDER BY "schema_migrations"."version" ASC[0m
  ↳ /home/libai/.rvm/gems/ruby-2.6.1/gems/activerecord-5.2.3/lib/active_record/log_subscriber.rb:98
Processing by Rails::WelcomeController#index as HTML
  Rendering /home/libai/.rvm/gems/ruby-2.6.1/gems/railties-5.2.3/lib/rails/templates/rails/welcome/index.html.erb
  Rendered /home/libai/.rvm/gems/ruby-2.6.1/gems/railties-5.2.3/lib/rails/templates/rails/welcome/index.html.erb (2.6ms)
Completed 200 OK in 10ms (Views: 5.7ms | ActiveRecord: 0.0ms)


Started GET "/users/new" for 127.0.0.1 at 2019-10-21 20:59:52 -0700
Processing by UsersController#new as HTML
  Rendering users/new.html.erb within layouts/application
  Rendered users/new.html.erb within layouts/application (8.7ms)
Completed 200 OK in 1233ms (Views: 1225.1ms | ActiveRecord: 0.6ms)


Started POST "/users" for 127.0.0.1 at 2019-10-21 21:01:19 -0700
Processing by UsersController#create as HTML
  Parameters: {"utf8"=>"✓", "authenticity_token"=>"xeoPJzLV4sNClacu8uO0CIXcpbHMczgsRuDLIzR4sBnX/0PsAP1pFDYU6ZV32JaF6hPBCNHSB/7qKLXp1ARDVQ==", "user"=>{"username"=>"username", "password"=>"[FILTERED]", "password_confirmation"=>"[FILTERED]"}, "commit"=>"Create Account"}
Completed 500 Internal Server Error in 169ms (ActiveRecord: 0.0ms)


  
NameError (undefined local variable or method `user_params' for #<UsersController:0x00007f1f311ac550>
Did you mean?  user_path):
  
app/controllers/users_controller.rb:15:in `create'
Started POST "/users" for 127.0.0.1 at 2019-10-21 21:01:50 -0700
Processing by UsersController#create as HTML
  Parameters: {"utf8"=>"✓", "authenticity_token"=>"xeoPJzLV4sNClacu8uO0CIXcpbHMczgsRuDLIzR4sBnX/0PsAP1pFDYU6ZV32JaF6hPBCNHSB/7qKLXp1ARDVQ==", "user"=>{"username"=>"username", "password"=>"[FILTERED]", "password_confirmation"=>"[FILTERED]"}, "commit"=>"Create Account"}
  [1m[36mUser Exists (0.2ms)[0m  [1m[34mSELECT  1 AS one FROM "users" WHERE "users"."username" = ? LIMIT ?[0m  [["username", "username"], ["LIMIT", 1]]
  ↳ app/controllers/users_controller.rb:16
  [1m[35m (0.1ms)[0m  [1m[36mbegin transaction[0m
  ↳ app/controllers/users_controller.rb:17
  [1m[36mCACHE User Exists (0.0ms)[0m  [1m[34mSELECT  1 AS one FROM "users" WHERE "users"."username" = ? LIMIT ?[0m  [["username", "username"], ["LIMIT", 1]]
  ↳ app/controllers/users_controller.rb:17
  [1m[36mUser Create (0.3ms)[0m  [1m[32mINSERT INTO "users" ("username", "password_digest", "created_at", "updated_at") VALUES (?, ?, ?, ?)[0m  [["username", "username"], ["password_digest", "$2a$12$Dc0L1YSYekMYwf7FD.YL6OOL9FWXuIrxT.V6PnrMZrgmypksq11O2"], ["created_at", "2019-10-22 04:01:51.087796"], ["updated_at", "2019-10-22 04:01:51.087796"]]
  ↳ app/controllers/users_controller.rb:17
  [1m[35m (7.6ms)[0m  [1m[36mcommit transaction[0m
  ↳ app/controllers/users_controller.rb:17
No template found for UsersController#create, rendering head :no_content
Completed 204 No Content in 284ms (ActiveRecord: 8.8ms)


Started GET "/users/new" for 127.0.0.1 at 2019-10-21 21:02:10 -0700
Processing by UsersController#new as HTML
  Rendering users/new.html.erb within layouts/application
  Rendered users/new.html.erb within layouts/application (2.7ms)
Completed 200 OK in 33ms (Views: 23.5ms | ActiveRecord: 1.1ms)


Started POST "/users" for 127.0.0.1 at 2019-10-21 21:02:18 -0700
Processing by UsersController#create as HTML
  Parameters: {"utf8"=>"✓", "authenticity_token"=>"/B8MWME6m1MnhddydOgE363v6XME3Ajem7Y2GaG70QfuCkCT8xIQhFMEmcnx0yZSwiCNyhl9Nww3fkjTQcciSw==", "user"=>{"username"=>"username2", "password"=>"[FILTERED]", "password_confirmation"=>"[FILTERED]"}, "commit"=>"Create Account"}
  [1m[36mUser Exists (0.2ms)[0m  [1m[34mSELECT  1 AS one FROM "users" WHERE "users"."username" = ? LIMIT ?[0m  [["username", "username2"], ["LIMIT", 1]]
  ↳ app/controllers/users_controller.rb:16
  [1m[35m (0.0ms)[0m  [1m[36mbegin transaction[0m
  ↳ app/controllers/users_controller.rb:17
  [1m[36mCACHE User Exists (0.0ms)[0m  [1m[34mSELECT  1 AS one FROM "users" WHERE "users"."username" = ? LIMIT ?[0m  [["username", "username2"], ["LIMIT", 1]]
  ↳ app/controllers/users_controller.rb:17
  [1m[36mUser Create (0.2ms)[0m  [1m[32mINSERT INTO "users" ("username", "password_digest", "created_at", "updated_at") VALUES (?, ?, ?, ?)[0m  [["username", "username2"], ["password_digest", "$2a$12$bXEdfKNOMCif8nt.LHSUn.o5/7YbtV8Eatkks6vBqJHDX0vY3e89q"], ["created_at", "2019-10-22 04:02:18.869233"], ["updated_at", "2019-10-22 04:02:18.869233"]]
  ↳ app/controllers/users_controller.rb:17
  [1m[35m (5.8ms)[0m  [1m[36mcommit transaction[0m
  ↳ app/controllers/users_controller.rb:17
Redirected to http://localhost:3000/users/3
Completed 302 Found in 254ms (ActiveRecord: 6.3ms)


Started GET "/users/3" for 127.0.0.1 at 2019-10-21 21:02:18 -0700
Processing by UsersController#show as HTML
  Parameters: {"id"=>"3"}
Completed 500 Internal Server Error in 173ms (ActiveRecord: 0.0ms)


  
NameError (undefined local variable or method `id' for #<UsersController:0x00007f1f39e82b50>):
  
app/controllers/users_controller.rb:27:in `find_and_return_user'
Started POST "/users" for 127.0.0.1 at 2019-10-21 21:02:36 -0700
Processing by UsersController#create as HTML
  Parameters: {"utf8"=>"✓", "authenticity_token"=>"/B8MWME6m1MnhddydOgE363v6XME3Ajem7Y2GaG70QfuCkCT8xIQhFMEmcnx0yZSwiCNyhl9Nww3fkjTQcciSw==", "user"=>{"username"=>"username3", "password"=>"[FILTERED]", "password_confirmation"=>"[FILTERED]"}, "commit"=>"Create Account"}
  [1m[36mUser Exists (0.2ms)[0m  [1m[34mSELECT  1 AS one FROM "users" WHERE "users"."username" = ? LIMIT ?[0m  [["username", "username3"], ["LIMIT", 1]]
  ↳ app/controllers/users_controller.rb:16
  [1m[35m (0.0ms)[0m  [1m[36mbegin transaction[0m
  ↳ app/controllers/users_controller.rb:17
  [1m[36mCACHE User Exists (0.0ms)[0m  [1m[34mSELECT  1 AS one FROM "users" WHERE "users"."username" = ? LIMIT ?[0m  [["username", "username3"], ["LIMIT", 1]]
  ↳ app/controllers/users_controller.rb:17
  [1m[36mUser Create (0.2ms)[0m  [1m[32mINSERT INTO "users" ("username", "password_digest", "created_at", "updated_at") VALUES (?, ?, ?, ?)[0m  [["username", "username3"], ["password_digest", "$2a$12$otg5jrlsTPnW5VaSfj7H2erSTds/Jo/bfCQFAkSQg50CHtIf3Y.Vu"], ["created_at", "2019-10-22 04:02:36.489364"], ["updated_at", "2019-10-22 04:02:36.489364"]]
  ↳ app/controllers/users_controller.rb:17
  [1m[35m (6.1ms)[0m  [1m[36mcommit transaction[0m
  ↳ app/controllers/users_controller.rb:17
Redirected to http://localhost:3000/users/4
Completed 302 Found in 255ms (ActiveRecord: 7.2ms)


Started GET "/users/4" for 127.0.0.1 at 2019-10-21 21:02:36 -0700
Processing by UsersController#show as HTML
  Parameters: {"id"=>"4"}
  [1m[36mUser Load (0.3ms)[0m  [1m[34mSELECT  "users".* FROM "users" WHERE "users"."id" = ? LIMIT ?[0m  [["id", 4], ["LIMIT", 1]]
  ↳ app/controllers/users_controller.rb:27
  Rendering users/show.html.erb within layouts/application
  Rendered users/show.html.erb within layouts/application (0.5ms)
Completed 200 OK in 20ms (Views: 15.6ms | ActiveRecord: 0.3ms)


Started GET "/users/new" for 127.0.0.1 at 2019-10-21 21:02:53 -0700
Processing by UsersController#new as HTML
  Rendering users/new.html.erb within layouts/application
  Rendered users/new.html.erb within layouts/application (3.8ms)
Completed 200 OK in 17ms (Views: 16.0ms | ActiveRecord: 0.0ms)


Started GET "/signup" for 127.0.0.1 at 2019-10-21 21:04:00 -0700
  
SyntaxError (/home/libai/Development/lectures/sf-web-091619/25-rails-auth/config/routes.rb:3: syntax error, unexpected tSTRING_BEG, expecting do or '{' or '('
.../signup", to: "users#new", as "signup"
...                              ^):
  
config/routes.rb:3: syntax error, unexpected tSTRING_BEG, expecting do or '{' or '('
Started GET "/signup" for 127.0.0.1 at 2019-10-21 21:04:09 -0700
Processing by UsersController#new as HTML
  Rendering users/new.html.erb within layouts/application
  Rendered users/new.html.erb within layouts/application (2.0ms)
Completed 200 OK in 40ms (Views: 14.3ms | ActiveRecord: 0.6ms)


Started GET "/login" for 127.0.0.1 at 2019-10-21 21:09:12 -0700
Processing by SessionsController#new as HTML
  Rendering sessions/new.html.erb within layouts/application
  Rendered sessions/new.html.erb within layouts/application (1.2ms)
Completed 200 OK in 47ms (Views: 45.4ms | ActiveRecord: 0.0ms)


Started GET "/login" for 127.0.0.1 at 2019-10-21 21:09:36 -0700
Processing by SessionsController#new as HTML
  Rendering sessions/new.html.erb within layouts/application
  Rendered sessions/new.html.erb within layouts/application (0.8ms)
Completed 200 OK in 18ms (Views: 16.9ms | ActiveRecord: 0.0ms)


Started POST "/login" for 127.0.0.1 at 2019-10-21 21:09:42 -0700
  
ActionController::RoutingError (No route matches [POST] "/login"):
  
actionpack (5.2.3) lib/action_dispatch/middleware/debug_exceptions.rb:65:in `call'
web-console (3.7.0) lib/web_console/middleware.rb:135:in `call_app'
web-console (3.7.0) lib/web_console/middleware.rb:30:in `block in call'
web-console (3.7.0) lib/web_console/middleware.rb:20:in `catch'
web-console (3.7.0) lib/web_console/middleware.rb:20:in `call'
actionpack (5.2.3) lib/action_dispatch/middleware/show_exceptions.rb:33:in `call'
railties (5.2.3) lib/rails/rack/logger.rb:38:in `call_app'
railties (5.2.3) lib/rails/rack/logger.rb:26:in `block in call'
activesupport (5.2.3) lib/active_support/tagged_logging.rb:71:in `block in tagged'
activesupport (5.2.3) lib/active_support/tagged_logging.rb:28:in `tagged'
activesupport (5.2.3) lib/active_support/tagged_logging.rb:71:in `tagged'
railties (5.2.3) lib/rails/rack/logger.rb:26:in `call'
sprockets-rails (3.2.1) lib/sprockets/rails/quiet_assets.rb:13:in `call'
actionpack (5.2.3) lib/action_dispatch/middleware/remote_ip.rb:81:in `call'
actionpack (5.2.3) lib/action_dispatch/middleware/request_id.rb:27:in `call'
rack (2.0.7) lib/rack/method_override.rb:22:in `call'
rack (2.0.7) lib/rack/runtime.rb:22:in `call'
activesupport (5.2.3) lib/active_support/cache/strategy/local_cache_middleware.rb:29:in `call'
actionpack (5.2.3) lib/action_dispatch/middleware/executor.rb:14:in `call'
actionpack (5.2.3) lib/action_dispatch/middleware/static.rb:127:in `call'
rack (2.0.7) lib/rack/sendfile.rb:111:in `call'
railties (5.2.3) lib/rails/engine.rb:524:in `call'
puma (3.12.1) lib/puma/configuration.rb:227:in `call'
puma (3.12.1) lib/puma/server.rb:660:in `handle_request'
puma (3.12.1) lib/puma/server.rb:474:in `process_client'
puma (3.12.1) lib/puma/server.rb:334:in `block in run'
puma (3.12.1) lib/puma/thread_pool.rb:135:in `block in spawn_thread'
Started GET "/login" for 127.0.0.1 at 2019-10-21 21:10:09 -0700
  
ArgumentError (Invalid route name, already in use: 'login' 
You may have defined two routes with the same name using the `:as` option, or you may be overriding a route already defined by a resource with the same naming. For the latter, you can restrict the routes created with `resources` as explained here: 
http://guides.rubyonrails.org/routing.html#restricting-the-routes-created):
  
config/routes.rb:8:in `block in <main>'
config/routes.rb:1:in `<main>'
Started GET "/login" for 127.0.0.1 at 2019-10-21 21:11:20 -0700
Processing by SessionsController#new as HTML
  Rendering sessions/new.html.erb within layouts/application
  Rendered sessions/new.html.erb within layouts/application (0.9ms)
Completed 200 OK in 15ms (Views: 14.2ms | ActiveRecord: 0.0ms)


Started POST "/sessions" for 127.0.0.1 at 2019-10-21 21:11:25 -0700
Processing by SessionsController#create as HTML
  Parameters: {"utf8"=>"✓", "authenticity_token"=>"T++3XPyGnOwHf4ABRbnWsX7SgwLZTpVkhTMv50uDy1Fd+vuXzq4XO3P+zrrAgvQ8ER3nu8TvqrYp+1Etq/84HQ==", "username"=>"username3", "password"=>"[FILTERED]", "commit"=>"Log In"}
  [1m[36mUser Load (0.1ms)[0m  [1m[34mSELECT  "users".* FROM "users" WHERE "users"."username" = ? LIMIT ?[0m  [["username", "username3"], ["LIMIT", 1]]
  ↳ app/controllers/sessions_controller.rb:8
Redirected to http://localhost:3000/login
Completed 302 Found in 248ms (ActiveRecord: 0.7ms)


Started GET "/login" for 127.0.0.1 at 2019-10-21 21:11:25 -0700
Processing by SessionsController#new as HTML
  Rendering sessions/new.html.erb within layouts/application
  Rendered sessions/new.html.erb within layouts/application (0.9ms)
Completed 200 OK in 18ms (Views: 17.0ms | ActiveRecord: 0.0ms)


Started POST "/sessions" for 127.0.0.1 at 2019-10-21 21:11:44 -0700
Processing by SessionsController#create as HTML
  Parameters: {"utf8"=>"✓", "authenticity_token"=>"9/K4fHQ+Z20TAzQVOIBTq1gAYDORQ979v+IEfX6aPw/l5/S3RhbsumeCeq69u3EmN88Eiozi4S8TKnq3nubMQw==", "username"=>"levithescienceguy", "password"=>"[FILTERED]", "commit"=>"Log In"}
  [1m[36mUser Load (0.1ms)[0m  [1m[34mSELECT  "users".* FROM "users" WHERE "users"."username" = ? LIMIT ?[0m  [["username", "levithescienceguy"], ["LIMIT", 1]]
  ↳ app/controllers/sessions_controller.rb:8
Redirected to http://localhost:3000/users/1
Completed 302 Found in 246ms (ActiveRecord: 0.1ms)


Started GET "/users/1" for 127.0.0.1 at 2019-10-21 21:11:44 -0700
Processing by UsersController#show as HTML
  Parameters: {"id"=>"1"}
  [1m[36mUser Load (0.2ms)[0m  [1m[34mSELECT  "users".* FROM "users" WHERE "users"."id" = ? LIMIT ?[0m  [["id", 1], ["LIMIT", 1]]
  ↳ app/controllers/users_controller.rb:27
  Rendering users/show.html.erb within layouts/application
  Rendered users/show.html.erb within layouts/application (0.4ms)
Completed 200 OK in 18ms (Views: 15.7ms | ActiveRecord: 0.2ms)


Started POST "/sessions" for 127.0.0.1 at 2019-10-21 21:12:56 -0700
Processing by SessionsController#create as HTML
  Parameters: {"utf8"=>"✓", "authenticity_token"=>"9/K4fHQ+Z20TAzQVOIBTq1gAYDORQ979v+IEfX6aPw/l5/S3RhbsumeCeq69u3EmN88Eiozi4S8TKnq3nubMQw==", "username"=>"levithescienceguy", "password"=>"[FILTERED]", "commit"=>"Log In"}
  [1m[36mUser Load (0.1ms)[0m  [1m[34mSELECT  "users".* FROM "users" WHERE "users"."username" = ? LIMIT ?[0m  [["username", "levithescienceguy"], ["LIMIT", 1]]
  ↳ app/controllers/sessions_controller.rb:8
Redirected to http://localhost:3000/login
Completed 302 Found in 252ms (ActiveRecord: 0.7ms)


Started GET "/login" for 127.0.0.1 at 2019-10-21 21:12:57 -0700
Processing by SessionsController#new as HTML
  Rendering sessions/new.html.erb within layouts/application
  Rendered sessions/new.html.erb within layouts/application (1.4ms)
Completed 200 OK in 16ms (Views: 15.6ms | ActiveRecord: 0.0ms)


Started POST "/sessions" for 127.0.0.1 at 2019-10-21 21:13:09 -0700
Processing by SessionsController#create as HTML
  Parameters: {"utf8"=>"✓", "authenticity_token"=>"TRo1m7HlD+2nXADnUNHoP310womUQ5PENRdR6BwB3lVfD3lQg82EOtPdTlzV6sqyErumMInirBaZ3y8i/H0tGQ==", "username"=>"levithescienceguy", "password"=>"[FILTERED]", "commit"=>"Log In"}
  [1m[36mUser Load (0.2ms)[0m  [1m[34mSELECT  "users".* FROM "users" WHERE "users"."username" = ? LIMIT ?[0m  [["username", "levithescienceguy"], ["LIMIT", 1]]
  ↳ app/controllers/sessions_controller.rb:8
Redirected to http://localhost:3000/users/1
Completed 302 Found in 254ms (ActiveRecord: 0.2ms)


Started GET "/users/1" for 127.0.0.1 at 2019-10-21 21:13:10 -0700
Processing by UsersController#show as HTML
  Parameters: {"id"=>"1"}
  [1m[36mUser Load (0.2ms)[0m  [1m[34mSELECT  "users".* FROM "users" WHERE "users"."id" = ? LIMIT ?[0m  [["id", 1], ["LIMIT", 1]]
  ↳ app/controllers/users_controller.rb:27
  Rendering users/show.html.erb within layouts/application
  Rendered users/show.html.erb within layouts/application (0.4ms)
Completed 200 OK in 16ms (Views: 13.8ms | ActiveRecord: 0.2ms)


Started GET "/users/1" for 127.0.0.1 at 2019-10-21 21:18:40 -0700
Processing by UsersController#show as HTML
  Parameters: {"id"=>"1"}
  [1m[36mUser Load (0.1ms)[0m  [1m[34mSELECT  "users".* FROM "users" WHERE "users"."id" = ? LIMIT ?[0m  [["id", 1], ["LIMIT", 1]]
  ↳ app/controllers/users_controller.rb:28
  Rendering users/show.html.erb within layouts/application
  Rendered users/show.html.erb within layouts/application (0.3ms)
Completed 500 Internal Server Error in 140ms (ActiveRecord: 0.6ms)


  
ActionView::Template::Error (undefined method `logged_in?' for #<#<Class:0x00007f1f3ec41030>:0x00007f1f3ec476b0>
Did you mean?  logger?):
    12:   <body>
    13:     <%= yield %>
    14: 
    15:     <% if logged_in? %>
    16:       <%= Faker::TvShows::MichaelScott.quote %>
    17:       <%= link_to "Logout", sessions_path, method: :delete %>
    18:     <% else %>
  
app/views/layouts/application.html.erb:15:in `_app_views_layouts_application_html_erb__729974316910662798_69886086881900'
Started GET "/users/1" for 127.0.0.1 at 2019-10-21 21:19:33 -0700
Processing by UsersController#show as HTML
  Parameters: {"id"=>"1"}
  [1m[36mUser Load (0.1ms)[0m  [1m[34mSELECT  "users".* FROM "users" WHERE "users"."id" = ? LIMIT ?[0m  [["id", 1], ["LIMIT", 1]]
  ↳ app/controllers/users_controller.rb:28
  Rendering users/show.html.erb within layouts/application
  Rendered users/show.html.erb within layouts/application (0.3ms)
Completed 200 OK in 36ms (Views: 24.8ms | ActiveRecord: 1.0ms)


Started GET "/login" for 127.0.0.1 at 2019-10-21 21:20:00 -0700
Processing by SessionsController#new as HTML
  Rendering sessions/new.html.erb within layouts/application
  Rendered sessions/new.html.erb within layouts/application (2.4ms)
Completed 200 OK in 25ms (Views: 24.1ms | ActiveRecord: 0.0ms)


Started POST "/sessions" for 127.0.0.1 at 2019-10-21 21:20:13 -0700
Processing by SessionsController#create as HTML
  Parameters: {"utf8"=>"✓", "authenticity_token"=>"UW4jJW4PhdTt3i3DAex+daMNLsgQIn/v0pSjhRzQjUWOsVD0fmYPRa8MCjvy2Oqlb4olmfxNP/RuJHJBFKhtUQ==", "username"=>"levithescienceguy", "password"=>"[FILTERED]", "commit"=>"Log In"}
  [1m[36mUser Load (0.2ms)[0m  [1m[34mSELECT  "users".* FROM "users" WHERE "users"."username" = ? LIMIT ?[0m  [["username", "levithescienceguy"], ["LIMIT", 1]]
  ↳ app/controllers/sessions_controller.rb:8
Redirected to http://localhost:3000/users/1
Completed 302 Found in 250ms (ActiveRecord: 0.2ms)


Started GET "/users/1" for 127.0.0.1 at 2019-10-21 21:20:13 -0700
Processing by UsersController#show as HTML
  Parameters: {"id"=>"1"}
  [1m[36mUser Load (0.1ms)[0m  [1m[34mSELECT  "users".* FROM "users" WHERE "users"."id" = ? LIMIT ?[0m  [["id", 1], ["LIMIT", 1]]
  ↳ app/controllers/users_controller.rb:28
  Rendering users/show.html.erb within layouts/application
  Rendered users/show.html.erb within layouts/application (0.4ms)
  [1m[36mUser Load (0.1ms)[0m  [1m[34mSELECT  "users".* FROM "users" WHERE "users"."id" = ? LIMIT ?[0m  [["id", 1], ["LIMIT", 1]]
  ↳ app/controllers/application_controller.rb:7
Completed 500 Internal Server Error in 30ms (ActiveRecord: 0.2ms)


  
ActionView::Template::Error (uninitialized constant ActionView::CompiledTemplates::Faker):
    13:     <%= yield %>
    14: 
    15:     <% if logged_in? %>
    16:       <%= Faker::TvShows::MichaelScott.quote %>
    17:       <%= link_to "Logout", sessions_path, method: :delete %>
    18:     <% else %>
    19:       <%= link_to "Login", login_path %>
  
app/views/layouts/application.html.erb:16:in `_app_views_layouts_application_html_erb__729974316910662798_69886030592140'
Started GET "/users/1" for 127.0.0.1 at 2019-10-21 21:21:03 -0700
Processing by UsersController#show as HTML
  Parameters: {"id"=>"1"}
  [1m[36mUser Load (0.1ms)[0m  [1m[34mSELECT  "users".* FROM "users" WHERE "users"."id" = ? LIMIT ?[0m  [["id", 1], ["LIMIT", 1]]
  ↳ app/controllers/users_controller.rb:28
  Rendering users/show.html.erb within layouts/application
  Rendered users/show.html.erb within layouts/application (0.5ms)
  [1m[36mUser Load (0.2ms)[0m  [1m[34mSELECT  "users".* FROM "users" WHERE "users"."id" = ? LIMIT ?[0m  [["id", 1], ["LIMIT", 1]]
  ↳ app/controllers/application_controller.rb:7
Completed 200 OK in 21ms (Views: 19.6ms | ActiveRecord: 0.3ms)


Started DELETE "/sessions" for 127.0.0.1 at 2019-10-21 21:21:04 -0700
  
ActionController::RoutingError (No route matches [DELETE] "/sessions"):
  
actionpack (5.2.3) lib/action_dispatch/middleware/debug_exceptions.rb:65:in `call'
web-console (3.7.0) lib/web_console/middleware.rb:135:in `call_app'
web-console (3.7.0) lib/web_console/middleware.rb:30:in `block in call'
web-console (3.7.0) lib/web_console/middleware.rb:20:in `catch'
web-console (3.7.0) lib/web_console/middleware.rb:20:in `call'
actionpack (5.2.3) lib/action_dispatch/middleware/show_exceptions.rb:33:in `call'
railties (5.2.3) lib/rails/rack/logger.rb:38:in `call_app'
railties (5.2.3) lib/rails/rack/logger.rb:26:in `block in call'
activesupport (5.2.3) lib/active_support/tagged_logging.rb:71:in `block in tagged'
activesupport (5.2.3) lib/active_support/tagged_logging.rb:28:in `tagged'
activesupport (5.2.3) lib/active_support/tagged_logging.rb:71:in `tagged'
railties (5.2.3) lib/rails/rack/logger.rb:26:in `call'
sprockets-rails (3.2.1) lib/sprockets/rails/quiet_assets.rb:13:in `call'
actionpack (5.2.3) lib/action_dispatch/middleware/remote_ip.rb:81:in `call'
actionpack (5.2.3) lib/action_dispatch/middleware/request_id.rb:27:in `call'
rack (2.0.7) lib/rack/method_override.rb:22:in `call'
rack (2.0.7) lib/rack/runtime.rb:22:in `call'
activesupport (5.2.3) lib/active_support/cache/strategy/local_cache_middleware.rb:29:in `call'
actionpack (5.2.3) lib/action_dispatch/middleware/executor.rb:14:in `call'
actionpack (5.2.3) lib/action_dispatch/middleware/static.rb:127:in `call'
rack (2.0.7) lib/rack/sendfile.rb:111:in `call'
railties (5.2.3) lib/rails/engine.rb:524:in `call'
puma (3.12.1) lib/puma/configuration.rb:227:in `call'
puma (3.12.1) lib/puma/server.rb:660:in `handle_request'
puma (3.12.1) lib/puma/server.rb:474:in `process_client'
puma (3.12.1) lib/puma/server.rb:334:in `block in run'
puma (3.12.1) lib/puma/thread_pool.rb:135:in `block in spawn_thread'
Started GET "/sessions" for 127.0.0.1 at 2019-10-21 21:22:11 -0700
  
ActionController::RoutingError (No route matches [GET] "/sessions"):
  
actionpack (5.2.3) lib/action_dispatch/middleware/debug_exceptions.rb:65:in `call'
web-console (3.7.0) lib/web_console/middleware.rb:135:in `call_app'
web-console (3.7.0) lib/web_console/middleware.rb:30:in `block in call'
web-console (3.7.0) lib/web_console/middleware.rb:20:in `catch'
web-console (3.7.0) lib/web_console/middleware.rb:20:in `call'
actionpack (5.2.3) lib/action_dispatch/middleware/show_exceptions.rb:33:in `call'
railties (5.2.3) lib/rails/rack/logger.rb:38:in `call_app'
railties (5.2.3) lib/rails/rack/logger.rb:26:in `block in call'
activesupport (5.2.3) lib/active_support/tagged_logging.rb:71:in `block in tagged'
activesupport (5.2.3) lib/active_support/tagged_logging.rb:28:in `tagged'
activesupport (5.2.3) lib/active_support/tagged_logging.rb:71:in `tagged'
railties (5.2.3) lib/rails/rack/logger.rb:26:in `call'
sprockets-rails (3.2.1) lib/sprockets/rails/quiet_assets.rb:13:in `call'
actionpack (5.2.3) lib/action_dispatch/middleware/remote_ip.rb:81:in `call'
actionpack (5.2.3) lib/action_dispatch/middleware/request_id.rb:27:in `call'
rack (2.0.7) lib/rack/method_override.rb:22:in `call'
rack (2.0.7) lib/rack/runtime.rb:22:in `call'
activesupport (5.2.3) lib/active_support/cache/strategy/local_cache_middleware.rb:29:in `call'
actionpack (5.2.3) lib/action_dispatch/middleware/executor.rb:14:in `call'
actionpack (5.2.3) lib/action_dispatch/middleware/static.rb:127:in `call'
rack (2.0.7) lib/rack/sendfile.rb:111:in `call'
railties (5.2.3) lib/rails/engine.rb:524:in `call'
puma (3.12.1) lib/puma/configuration.rb:227:in `call'
puma (3.12.1) lib/puma/server.rb:660:in `handle_request'
puma (3.12.1) lib/puma/server.rb:474:in `process_client'
puma (3.12.1) lib/puma/server.rb:334:in `block in run'
puma (3.12.1) lib/puma/thread_pool.rb:135:in `block in spawn_thread'
Started GET "/login" for 127.0.0.1 at 2019-10-21 21:22:16 -0700
Processing by SessionsController#new as HTML
  Rendering sessions/new.html.erb within layouts/application
  Rendered sessions/new.html.erb within layouts/application (1.3ms)
  [1m[36mUser Load (0.1ms)[0m  [1m[34mSELECT  "users".* FROM "users" WHERE "users"."id" = ? LIMIT ?[0m  [["id", 1], ["LIMIT", 1]]
  ↳ app/controllers/application_controller.rb:7
Completed 200 OK in 28ms (Views: 25.6ms | ActiveRecord: 0.7ms)


Started DELETE "/sessions" for 127.0.0.1 at 2019-10-21 21:22:19 -0700
Processing by SessionsController#destroy as HTML
  Parameters: {"authenticity_token"=>"UNcyZcOKuf9091/DBPRw7yjLwBv6XYdTbJNXkuFwAmlCwn6u8aIyKAB2EXiBz1JiRwSkouf8uIHAWylYAQzxJQ=="}
Redirected to http://localhost:3000/login
Completed 302 Found in 1ms (ActiveRecord: 0.0ms)


Started GET "/login" for 127.0.0.1 at 2019-10-21 21:22:19 -0700
Processing by SessionsController#new as HTML
  Rendering sessions/new.html.erb within layouts/application
  Rendered sessions/new.html.erb within layouts/application (1.2ms)
Completed 200 OK in 19ms (Views: 18.1ms | ActiveRecord: 0.0ms)


Started GET "/login" for 127.0.0.1 at 2019-10-21 21:22:20 -0700
Processing by SessionsController#new as HTML
  Rendering sessions/new.html.erb within layouts/application
  Rendered sessions/new.html.erb within layouts/application (1.8ms)
Completed 200 OK in 21ms (Views: 19.7ms | ActiveRecord: 0.0ms)


Started GET "/login" for 127.0.0.1 at 2019-10-21 21:22:22 -0700
Processing by SessionsController#new as HTML
  Rendering sessions/new.html.erb within layouts/application
  Rendered sessions/new.html.erb within layouts/application (1.2ms)
Completed 200 OK in 23ms (Views: 21.3ms | ActiveRecord: 0.0ms)


Started GET "/login" for 127.0.0.1 at 2019-10-21 21:22:22 -0700
Processing by SessionsController#new as HTML
  Rendering sessions/new.html.erb within layouts/application
  Rendered sessions/new.html.erb within layouts/application (1.0ms)
Completed 200 OK in 39ms (Views: 37.6ms | ActiveRecord: 0.0ms)


Started GET "/login" for 127.0.0.1 at 2019-10-21 21:22:23 -0700
Processing by SessionsController#new as HTML
  Rendering sessions/new.html.erb within layouts/application
  Rendered sessions/new.html.erb within layouts/application (1.0ms)
Completed 200 OK in 18ms (Views: 16.8ms | ActiveRecord: 0.0ms)


Started GET "/login" for 127.0.0.1 at 2019-10-21 21:22:23 -0700
Processing by SessionsController#new as HTML
  Rendering sessions/new.html.erb within layouts/application
  Rendered sessions/new.html.erb within layouts/application (1.1ms)
Completed 200 OK in 20ms (Views: 19.2ms | ActiveRecord: 0.0ms)


Started GET "/login" for 127.0.0.1 at 2019-10-21 21:22:23 -0700
Processing by SessionsController#new as HTML
  Rendering sessions/new.html.erb within layouts/application
  Rendered sessions/new.html.erb within layouts/application (2.5ms)
Completed 200 OK in 23ms (Views: 21.5ms | ActiveRecord: 0.0ms)


Started GET "/login" for 127.0.0.1 at 2019-10-21 21:22:23 -0700
Processing by SessionsController#new as HTML
  Rendering sessions/new.html.erb within layouts/application
  Rendered sessions/new.html.erb within layouts/application (2.1ms)
Completed 200 OK in 23ms (Views: 20.9ms | ActiveRecord: 0.0ms)


Started GET "/login" for 127.0.0.1 at 2019-10-21 21:22:23 -0700
Processing by SessionsController#new as HTML
  Rendering sessions/new.html.erb within layouts/application
  Rendered sessions/new.html.erb within layouts/application (1.8ms)
Completed 200 OK in 24ms (Views: 22.3ms | ActiveRecord: 0.0ms)


Started GET "/login" for 127.0.0.1 at 2019-10-21 21:22:24 -0700
Processing by SessionsController#new as HTML
  Rendering sessions/new.html.erb within layouts/application
  Rendered sessions/new.html.erb within layouts/application (1.7ms)
Completed 200 OK in 21ms (Views: 19.9ms | ActiveRecord: 0.0ms)


Started GET "/login" for 127.0.0.1 at 2019-10-21 21:22:24 -0700
Processing by SessionsController#new as HTML
  Rendering sessions/new.html.erb within layouts/application
  Rendered sessions/new.html.erb within layouts/application (1.5ms)
Completed 200 OK in 25ms (Views: 23.5ms | ActiveRecord: 0.0ms)


Started GET "/login" for 127.0.0.1 at 2019-10-21 21:22:24 -0700
Processing by SessionsController#new as HTML
  Rendering sessions/new.html.erb within layouts/application
  Rendered sessions/new.html.erb within layouts/application (2.6ms)
Completed 200 OK in 22ms (Views: 19.7ms | ActiveRecord: 0.0ms)


Started GET "/login" for 127.0.0.1 at 2019-10-21 21:22:24 -0700
Processing by SessionsController#new as HTML
  Rendering sessions/new.html.erb within layouts/application
  Rendered sessions/new.html.erb within layouts/application (1.4ms)
Completed 200 OK in 20ms (Views: 19.2ms | ActiveRecord: 0.0ms)


Started POST "/sessions" for 127.0.0.1 at 2019-10-21 21:22:32 -0700
Processing by SessionsController#create as HTML
  Parameters: {"utf8"=>"✓", "authenticity_token"=>"IKLLisqUzXmkE0A7UNA+Ee0B6wbSdQoZY2l4CnLC4AD/fbhb2v1H6ObBZ8Oj5KrBIYbgVz4aSgLf2anOeroAFA==", "username"=>"levithescienceguy", "password"=>"[FILTERED]", "commit"=>"Log In"}
  [1m[36mUser Load (0.2ms)[0m  [1m[34mSELECT  "users".* FROM "users" WHERE "users"."username" = ? LIMIT ?[0m  [["username", "levithescienceguy"], ["LIMIT", 1]]
  ↳ app/controllers/sessions_controller.rb:8
Redirected to http://localhost:3000/users/1
Completed 302 Found in 248ms (ActiveRecord: 0.2ms)


Started GET "/users/1" for 127.0.0.1 at 2019-10-21 21:22:32 -0700
Processing by UsersController#show as HTML
  Parameters: {"id"=>"1"}
  [1m[36mUser Load (0.1ms)[0m  [1m[34mSELECT  "users".* FROM "users" WHERE "users"."id" = ? LIMIT ?[0m  [["id", 1], ["LIMIT", 1]]
  ↳ app/controllers/users_controller.rb:28
  Rendering users/show.html.erb within layouts/application
  Rendered users/show.html.erb within layouts/application (0.5ms)
  [1m[36mUser Load (0.2ms)[0m  [1m[34mSELECT  "users".* FROM "users" WHERE "users"."id" = ? LIMIT ?[0m  [["id", 1], ["LIMIT", 1]]
  ↳ app/controllers/application_controller.rb:7
Completed 200 OK in 19ms (Views: 16.7ms | ActiveRecord: 0.3ms)


Started DELETE "/sessions" for 127.0.0.1 at 2019-10-21 21:22:35 -0700
Processing by SessionsController#destroy as HTML
  Parameters: {"authenticity_token"=>"9ZotTTPmZ7HAoDYR6njTeVgyMrIHjObEp2Vv7Lgz617nj2GGAc7sZrQheKpvQ/H0N/1WCxot2RYLrREmWE8YEg=="}
Redirected to http://localhost:3000/login
Completed 302 Found in 1ms (ActiveRecord: 0.0ms)


Started GET "/login" for 127.0.0.1 at 2019-10-21 21:22:35 -0700
Processing by SessionsController#new as HTML
  Rendering sessions/new.html.erb within layouts/application
  Rendered sessions/new.html.erb within layouts/application (1.3ms)
Completed 200 OK in 17ms (Views: 15.3ms | ActiveRecord: 0.0ms)


Started GET "/login" for 127.0.0.1 at 2019-10-21 21:22:47 -0700
Processing by SessionsController#new as HTML
  Rendering sessions/new.html.erb within layouts/application
  Rendered sessions/new.html.erb within layouts/application (1.2ms)
Completed 200 OK in 35ms (Views: 34.1ms | ActiveRecord: 0.0ms)


Started GET "/login" for 127.0.0.1 at 2019-10-21 21:22:48 -0700
Processing by SessionsController#new as HTML
  Rendering sessions/new.html.erb within layouts/application
  Rendered sessions/new.html.erb within layouts/application (1.2ms)
Completed 200 OK in 22ms (Views: 21.1ms | ActiveRecord: 0.0ms)


Started GET "/login" for 127.0.0.1 at 2019-10-21 21:22:48 -0700
Processing by SessionsController#new as HTML
  Rendering sessions/new.html.erb within layouts/application
  Rendered sessions/new.html.erb within layouts/application (1.8ms)
Completed 200 OK in 22ms (Views: 20.7ms | ActiveRecord: 0.0ms)


Started GET "/login" for 127.0.0.1 at 2019-10-21 21:22:49 -0700
Processing by SessionsController#new as HTML
  Rendering sessions/new.html.erb within layouts/application
  Rendered sessions/new.html.erb within layouts/application (1.8ms)
Completed 200 OK in 20ms (Views: 19.2ms | ActiveRecord: 0.0ms)


Started GET "/login" for 127.0.0.1 at 2019-10-21 21:22:49 -0700
Processing by SessionsController#new as HTML
  Rendering sessions/new.html.erb within layouts/application
  Rendered sessions/new.html.erb within layouts/application (1.0ms)
Completed 200 OK in 18ms (Views: 17.5ms | ActiveRecord: 0.0ms)


